This file contains any messages produced by compilers while
running configure, to aid debugging if configure makes a mistake.

It was created by dttsp configure 0.2, which was
generated by GNU Autoconf 2.67.  Invocation command line was

  $ ./configure --build=i486-linux-gnu --prefix=/usr --includedir=${prefix}/include --mandir=${prefix}/share/man --infodir=${prefix}/share/info --sysconfdir=/etc --localstatedir=/var --libexecdir=${prefix}/lib/dttsp --disable-maintainer-mode --disable-dependency-tracking

## --------- ##
## Platform. ##
## --------- ##

hostname = debian
uname -m = i686
uname -r = 2.6.32-5-686
uname -s = Linux
uname -v = #1 SMP Mon Jun 13 04:13:06 UTC 2011

/usr/bin/uname -p = unknown
/bin/uname -X     = unknown

/bin/arch              = unknown
/usr/bin/arch -k       = unknown
/usr/convex/getsysinfo = unknown
/usr/bin/hostinfo      = unknown
/bin/machine           = unknown
/usr/bin/oslevel       = unknown
/bin/universe          = unknown

PATH: /usr/local/sbin
PATH: /usr/local/bin
PATH: /usr/sbin
PATH: /usr/bin
PATH: /sbin
PATH: /bin


## ----------- ##
## Core tests. ##
## ----------- ##

configure:2221: checking for a BSD-compatible install
configure:2289: result: /usr/bin/install -c
configure:2300: checking whether build environment is sane
configure:2350: result: yes
configure:2491: checking for a thread-safe mkdir -p
configure:2530: result: /bin/mkdir -p
configure:2543: checking for gawk
configure:2559: found /usr/bin/gawk
configure:2570: result: gawk
configure:2581: checking whether make sets $(MAKE)
configure:2603: result: yes
configure:2690: checking build system type
configure:2704: result: i486-pc-linux-gnu
configure:2724: checking host system type
configure:2737: result: i486-pc-linux-gnu
configure:2807: checking for gcc
configure:2823: found /usr/bin/gcc
configure:2834: result: gcc
configure:3063: checking for C compiler version
configure:3072: gcc --version >&5
gcc (Debian 4.4.5-8) 4.4.5
Copyright (C) 2010 Free Software Foundation, Inc.
This is free software; see the source for copying conditions.  There is NO
warranty; not even for MERCHANTABILITY or FITNESS FOR A PARTICULAR PURPOSE.

configure:3083: $? = 0
configure:3072: gcc -v >&5
Using built-in specs.
Target: i486-linux-gnu
Configured with: ../src/configure -v --with-pkgversion='Debian 4.4.5-8' --with-bugurl=file:///usr/share/doc/gcc-4.4/README.Bugs --enable-languages=c,c++,fortran,objc,obj-c++ --prefix=/usr --program-suffix=-4.4 --enable-shared --enable-multiarch --enable-linker-build-id --with-system-zlib --libexecdir=/usr/lib --without-included-gettext --enable-threads=posix --with-gxx-include-dir=/usr/include/c++/4.4 --libdir=/usr/lib --enable-nls --enable-clocale=gnu --enable-libstdcxx-debug --enable-objc-gc --enable-targets=all --with-arch-32=i586 --with-tune=generic --enable-checking=release --build=i486-linux-gnu --host=i486-linux-gnu --target=i486-linux-gnu
Thread model: posix
gcc version 4.4.5 (Debian 4.4.5-8) 
configure:3083: $? = 0
configure:3072: gcc -V >&5
gcc: '-V' option must have argument
configure:3083: $? = 1
configure:3072: gcc -qversion >&5
gcc: unrecognized option '-qversion'
gcc: no input files
configure:3083: $? = 1
configure:3103: checking whether the C compiler works
configure:3125: gcc -g -O2   conftest.c  >&5
configure:3129: $? = 0
configure:3177: result: yes
configure:3180: checking for C compiler default output file name
configure:3182: result: a.out
configure:3188: checking for suffix of executables
configure:3195: gcc -o conftest -g -O2   conftest.c  >&5
configure:3199: $? = 0
configure:3221: result: 
configure:3243: checking whether we are cross compiling
configure:3251: gcc -o conftest -g -O2   conftest.c  >&5
configure:3255: $? = 0
configure:3262: ./conftest
configure:3266: $? = 0
configure:3281: result: no
configure:3286: checking for suffix of object files
configure:3308: gcc -c -g -O2  conftest.c >&5
configure:3312: $? = 0
configure:3333: result: o
configure:3337: checking whether we are using the GNU C compiler
configure:3356: gcc -c -g -O2  conftest.c >&5
configure:3356: $? = 0
configure:3365: result: yes
configure:3374: checking whether gcc accepts -g
configure:3394: gcc -c -g  conftest.c >&5
configure:3394: $? = 0
configure:3435: result: yes
configure:3452: checking for gcc option to accept ISO C89
configure:3516: gcc  -c -g -O2  conftest.c >&5
configure:3516: $? = 0
configure:3529: result: none needed
configure:3560: checking for style of include used by make
configure:3588: result: GNU
configure:3613: checking dependency style of gcc
configure:3723: result: none
configure:3781: checking for ranlib
configure:3797: found /usr/bin/ranlib
configure:3808: result: ranlib
configure:3840: checking for fftwf_execute in -lfftw3f
configure:3865: gcc -o conftest -g -O2   conftest.c -lfftw3f   >&5
configure:3865: $? = 0
configure:3874: result: yes
configure:3887: checking for jack_connect in -ljack
configure:3912: gcc -o conftest -g -O2   conftest.c -ljack  -lfftw3f  >&5
configure:3912: $? = 0
configure:3921: result: yes
configure:3934: checking for pow in -lm
configure:3959: gcc -o conftest -g -O2   conftest.c -lm  -ljack -lfftw3f  >&5
conftest.c:20: warning: conflicting types for built-in function 'pow'
configure:3959: $? = 0
configure:3968: result: yes
configure:3979: checking for pthread_create in -lpthread
configure:4004: gcc -o conftest -g -O2   conftest.c -lpthread  -lm -ljack -lfftw3f  >&5
configure:4004: $? = 0
configure:4013: result: yes
configure:4024: checking for lo_address_new in -llo
configure:4049: gcc -o conftest -g -O2   conftest.c -llo  -lpthread -lm -ljack -lfftw3f  >&5
configure:4049: $? = 0
configure:4058: result: yes
configure:4078: checking how to run the C preprocessor
configure:4109: gcc -E  conftest.c
configure:4109: $? = 0
configure:4123: gcc -E  conftest.c
conftest.c:16:28: error: ac_nonexistent.h: No such file or directory
configure:4123: $? = 1
configure: failed program was:
| /* confdefs.h */
| #define PACKAGE_NAME "dttsp"
| #define PACKAGE_TARNAME "dttsp"
| #define PACKAGE_VERSION "0.2"
| #define PACKAGE_STRING "dttsp 0.2"
| #define PACKAGE_BUGREPORT "g@ziegenhain.com"
| #define PACKAGE_URL ""
| #define PACKAGE "dttsp"
| #define VERSION "0.2"
| #define HAVE_LIBFFTW3F 1
| #define HAVE_LIBJACK 1
| #define HAVE_LIBM 1
| #define HAVE_LIBPTHREAD 1
| #define HAVE_LIBLO 1
| /* end confdefs.h.  */
| #include <ac_nonexistent.h>
configure:4148: result: gcc -E
configure:4168: gcc -E  conftest.c
configure:4168: $? = 0
configure:4182: gcc -E  conftest.c
conftest.c:16:28: error: ac_nonexistent.h: No such file or directory
configure:4182: $? = 1
configure: failed program was:
| /* confdefs.h */
| #define PACKAGE_NAME "dttsp"
| #define PACKAGE_TARNAME "dttsp"
| #define PACKAGE_VERSION "0.2"
| #define PACKAGE_STRING "dttsp 0.2"
| #define PACKAGE_BUGREPORT "g@ziegenhain.com"
| #define PACKAGE_URL ""
| #define PACKAGE "dttsp"
| #define VERSION "0.2"
| #define HAVE_LIBFFTW3F 1
| #define HAVE_LIBJACK 1
| #define HAVE_LIBM 1
| #define HAVE_LIBPTHREAD 1
| #define HAVE_LIBLO 1
| /* end confdefs.h.  */
| #include <ac_nonexistent.h>
configure:4211: checking for grep that handles long lines and -e
configure:4269: result: /bin/grep
configure:4274: checking for egrep
configure:4336: result: /bin/grep -E
configure:4341: checking for ANSI C header files
configure:4361: gcc -c -g -O2  conftest.c >&5
configure:4361: $? = 0
configure:4434: gcc -o conftest -g -O2   conftest.c -llo -lpthread -lm -ljack -lfftw3f  >&5
configure:4434: $? = 0
configure:4434: ./conftest
configure:4434: $? = 0
configure:4445: result: yes
configure:4453: checking for sys/wait.h that is POSIX.1 compatible
configure:4479: gcc -c -g -O2  conftest.c >&5
configure:4479: $? = 0
configure:4486: result: yes
configure:4499: checking for sys/types.h
configure:4499: gcc -c -g -O2  conftest.c >&5
configure:4499: $? = 0
configure:4499: result: yes
configure:4499: checking for sys/stat.h
configure:4499: gcc -c -g -O2  conftest.c >&5
configure:4499: $? = 0
configure:4499: result: yes
configure:4499: checking for stdlib.h
configure:4499: gcc -c -g -O2  conftest.c >&5
configure:4499: $? = 0
configure:4499: result: yes
configure:4499: checking for string.h
configure:4499: gcc -c -g -O2  conftest.c >&5
configure:4499: $? = 0
configure:4499: result: yes
configure:4499: checking for memory.h
configure:4499: gcc -c -g -O2  conftest.c >&5
configure:4499: $? = 0
configure:4499: result: yes
configure:4499: checking for strings.h
configure:4499: gcc -c -g -O2  conftest.c >&5
configure:4499: $? = 0
configure:4499: result: yes
configure:4499: checking for inttypes.h
configure:4499: gcc -c -g -O2  conftest.c >&5
configure:4499: $? = 0
configure:4499: result: yes
configure:4499: checking for stdint.h
configure:4499: gcc -c -g -O2  conftest.c >&5
configure:4499: $? = 0
configure:4499: result: yes
configure:4499: checking for unistd.h
configure:4499: gcc -c -g -O2  conftest.c >&5
configure:4499: $? = 0
configure:4499: result: yes
configure:4514: checking fcntl.h usability
configure:4514: gcc -c -g -O2  conftest.c >&5
configure:4514: $? = 0
configure:4514: result: yes
configure:4514: checking fcntl.h presence
configure:4514: gcc -E  conftest.c
configure:4514: $? = 0
configure:4514: result: yes
configure:4514: checking for fcntl.h
configure:4514: result: yes
configure:4514: checking for stdlib.h
configure:4514: result: yes
configure:4514: checking for string.h
configure:4514: result: yes
configure:4514: checking sys/ioctl.h usability
configure:4514: gcc -c -g -O2  conftest.c >&5
configure:4514: $? = 0
configure:4514: result: yes
configure:4514: checking sys/ioctl.h presence
configure:4514: gcc -E  conftest.c
configure:4514: $? = 0
configure:4514: result: yes
configure:4514: checking for sys/ioctl.h
configure:4514: result: yes
configure:4514: checking sys/param.h usability
configure:4514: gcc -c -g -O2  conftest.c >&5
configure:4514: $? = 0
configure:4514: result: yes
configure:4514: checking sys/param.h presence
configure:4514: gcc -E  conftest.c
configure:4514: $? = 0
configure:4514: result: yes
configure:4514: checking for sys/param.h
configure:4514: result: yes
configure:4514: checking sys/socket.h usability
configure:4514: gcc -c -g -O2  conftest.c >&5
configure:4514: $? = 0
configure:4514: result: yes
configure:4514: checking sys/socket.h presence
configure:4514: gcc -E  conftest.c
configure:4514: $? = 0
configure:4514: result: yes
configure:4514: checking for sys/socket.h
configure:4514: result: yes
configure:4514: checking sys/time.h usability
configure:4514: gcc -c -g -O2  conftest.c >&5
configure:4514: $? = 0
configure:4514: result: yes
configure:4514: checking sys/time.h presence
configure:4514: gcc -E  conftest.c
configure:4514: $? = 0
configure:4514: result: yes
configure:4514: checking for sys/time.h
configure:4514: result: yes
configure:4514: checking for unistd.h
configure:4514: result: yes
configure:4526: checking for an ANSI C-conforming const
configure:4591: gcc -c -g -O2  conftest.c >&5
configure:4591: $? = 0
configure:4598: result: yes
configure:4606: checking for inline
configure:4622: gcc -c -g -O2  conftest.c >&5
configure:4622: $? = 0
configure:4630: result: inline
configure:4648: checking for size_t
configure:4648: gcc -c -g -O2  conftest.c >&5
configure:4648: $? = 0
configure:4648: gcc -c -g -O2  conftest.c >&5
conftest.c: In function 'main':
conftest.c:71: error: expected expression before ')' token
configure:4648: $? = 1
configure: failed program was:
| /* confdefs.h */
| #define PACKAGE_NAME "dttsp"
| #define PACKAGE_TARNAME "dttsp"
| #define PACKAGE_VERSION "0.2"
| #define PACKAGE_STRING "dttsp 0.2"
| #define PACKAGE_BUGREPORT "g@ziegenhain.com"
| #define PACKAGE_URL ""
| #define PACKAGE "dttsp"
| #define VERSION "0.2"
| #define HAVE_LIBFFTW3F 1
| #define HAVE_LIBJACK 1
| #define HAVE_LIBM 1
| #define HAVE_LIBPTHREAD 1
| #define HAVE_LIBLO 1
| #define STDC_HEADERS 1
| #define HAVE_SYS_WAIT_H 1
| #define HAVE_SYS_TYPES_H 1
| #define HAVE_SYS_STAT_H 1
| #define HAVE_STDLIB_H 1
| #define HAVE_STRING_H 1
| #define HAVE_MEMORY_H 1
| #define HAVE_STRINGS_H 1
| #define HAVE_INTTYPES_H 1
| #define HAVE_STDINT_H 1
| #define HAVE_UNISTD_H 1
| #define HAVE_FCNTL_H 1
| #define HAVE_STDLIB_H 1
| #define HAVE_STRING_H 1
| #define HAVE_SYS_IOCTL_H 1
| #define HAVE_SYS_PARAM_H 1
| #define HAVE_SYS_SOCKET_H 1
| #define HAVE_SYS_TIME_H 1
| #define HAVE_UNISTD_H 1
| /* end confdefs.h.  */
| #include <stdio.h>
| #ifdef HAVE_SYS_TYPES_H
| # include <sys/types.h>
| #endif
| #ifdef HAVE_SYS_STAT_H
| # include <sys/stat.h>
| #endif
| #ifdef STDC_HEADERS
| # include <stdlib.h>
| # include <stddef.h>
| #else
| # ifdef HAVE_STDLIB_H
| #  include <stdlib.h>
| # endif
| #endif
| #ifdef HAVE_STRING_H
| # if !defined STDC_HEADERS && defined HAVE_MEMORY_H
| #  include <memory.h>
| # endif
| # include <string.h>
| #endif
| #ifdef HAVE_STRINGS_H
| # include <strings.h>
| #endif
| #ifdef HAVE_INTTYPES_H
| # include <inttypes.h>
| #endif
| #ifdef HAVE_STDINT_H
| # include <stdint.h>
| #endif
| #ifdef HAVE_UNISTD_H
| # include <unistd.h>
| #endif
| int
| main ()
| {
| if (sizeof ((size_t)))
| 	    return 0;
|   ;
|   return 0;
| }
configure:4648: result: yes
configure:4659: checking whether time.h and sys/time.h may both be included
configure:4679: gcc -c -g -O2  conftest.c >&5
configure:4679: $? = 0
configure:4686: result: yes
configure:4694: checking for stdbool.h that conforms to C99
configure:4779: gcc -c -g -O2  conftest.c >&5
configure:4779: $? = 0
configure:4786: result: yes
configure:4788: checking for _Bool
configure:4788: gcc -c -g -O2  conftest.c >&5
configure:4788: $? = 0
configure:4788: gcc -c -g -O2  conftest.c >&5
conftest.c: In function 'main':
conftest.c:72: error: expected expression before ')' token
configure:4788: $? = 1
configure: failed program was:
| /* confdefs.h */
| #define PACKAGE_NAME "dttsp"
| #define PACKAGE_TARNAME "dttsp"
| #define PACKAGE_VERSION "0.2"
| #define PACKAGE_STRING "dttsp 0.2"
| #define PACKAGE_BUGREPORT "g@ziegenhain.com"
| #define PACKAGE_URL ""
| #define PACKAGE "dttsp"
| #define VERSION "0.2"
| #define HAVE_LIBFFTW3F 1
| #define HAVE_LIBJACK 1
| #define HAVE_LIBM 1
| #define HAVE_LIBPTHREAD 1
| #define HAVE_LIBLO 1
| #define STDC_HEADERS 1
| #define HAVE_SYS_WAIT_H 1
| #define HAVE_SYS_TYPES_H 1
| #define HAVE_SYS_STAT_H 1
| #define HAVE_STDLIB_H 1
| #define HAVE_STRING_H 1
| #define HAVE_MEMORY_H 1
| #define HAVE_STRINGS_H 1
| #define HAVE_INTTYPES_H 1
| #define HAVE_STDINT_H 1
| #define HAVE_UNISTD_H 1
| #define HAVE_FCNTL_H 1
| #define HAVE_STDLIB_H 1
| #define HAVE_STRING_H 1
| #define HAVE_SYS_IOCTL_H 1
| #define HAVE_SYS_PARAM_H 1
| #define HAVE_SYS_SOCKET_H 1
| #define HAVE_SYS_TIME_H 1
| #define HAVE_UNISTD_H 1
| #define TIME_WITH_SYS_TIME 1
| /* end confdefs.h.  */
| #include <stdio.h>
| #ifdef HAVE_SYS_TYPES_H
| # include <sys/types.h>
| #endif
| #ifdef HAVE_SYS_STAT_H
| # include <sys/stat.h>
| #endif
| #ifdef STDC_HEADERS
| # include <stdlib.h>
| # include <stddef.h>
| #else
| # ifdef HAVE_STDLIB_H
| #  include <stdlib.h>
| # endif
| #endif
| #ifdef HAVE_STRING_H
| # if !defined STDC_HEADERS && defined HAVE_MEMORY_H
| #  include <memory.h>
| # endif
| # include <string.h>
| #endif
| #ifdef HAVE_STRINGS_H
| # include <strings.h>
| #endif
| #ifdef HAVE_INTTYPES_H
| # include <inttypes.h>
| #endif
| #ifdef HAVE_STDINT_H
| # include <stdint.h>
| #endif
| #ifdef HAVE_UNISTD_H
| # include <unistd.h>
| #endif
| int
| main ()
| {
| if (sizeof ((_Bool)))
| 	    return 0;
|   ;
|   return 0;
| }
configure:4788: result: yes
configure:4804: checking for uid_t in sys/types.h
configure:4823: result: yes
configure:4837: checking whether gcc needs -traditional
configure:4871: result: no
configure:4878: checking whether lstat correctly handles trailing slash
configure:4904: gcc -o conftest -g -O2   conftest.c -llo -lpthread -lm -ljack -lfftw3f  >&5
configure:4904: $? = 0
configure:4904: ./conftest
configure:4904: $? = 0
configure:4921: result: yes
configure:4940: checking whether stat accepts an empty string
configure:4960: gcc -o conftest -g -O2   conftest.c -llo -lpthread -lm -ljack -lfftw3f  >&5
configure:4960: $? = 0
configure:4960: ./conftest
configure:4960: $? = 0
configure:4970: result: no
configure:4989: checking for floor
configure:4989: gcc -o conftest -g -O2   conftest.c -llo -lpthread -lm -ljack -lfftw3f  >&5
conftest.c:62: warning: conflicting types for built-in function 'floor'
configure:4989: $? = 0
configure:4989: result: yes
configure:4989: checking for gettimeofday
configure:4989: gcc -o conftest -g -O2   conftest.c -llo -lpthread -lm -ljack -lfftw3f  >&5
configure:4989: $? = 0
configure:4989: result: yes
configure:4989: checking for memset
configure:4989: gcc -o conftest -g -O2   conftest.c -llo -lpthread -lm -ljack -lfftw3f  >&5
conftest.c:64: warning: conflicting types for built-in function 'memset'
configure:4989: $? = 0
configure:4989: result: yes
configure:4989: checking for pow
configure:4989: gcc -o conftest -g -O2   conftest.c -llo -lpthread -lm -ljack -lfftw3f  >&5
conftest.c:65: warning: conflicting types for built-in function 'pow'
configure:4989: $? = 0
configure:4989: result: yes
configure:4989: checking for sqrt
configure:4989: gcc -o conftest -g -O2   conftest.c -llo -lpthread -lm -ljack -lfftw3f  >&5
conftest.c:66: warning: conflicting types for built-in function 'sqrt'
configure:4989: $? = 0
configure:4989: result: yes
configure:5156: creating ./config.status

## ---------------------- ##
## Running config.status. ##
## ---------------------- ##

This file was extended by dttsp config.status 0.2, which was
generated by GNU Autoconf 2.67.  Invocation command line was

  CONFIG_FILES    = 
  CONFIG_HEADERS  = 
  CONFIG_LINKS    = 
  CONFIG_COMMANDS = 
  $ ./config.status 

on debian

config.status:793: creating src/Makefile
config.status:793: creating Makefile
config.status:964: executing depfiles commands
configure:6292: WARNING: unrecognized options: --disable-maintainer-mode

## ---------------- ##
## Cache variables. ##
## ---------------- ##

ac_cv_build=i486-pc-linux-gnu
ac_cv_c_compiler_gnu=yes
ac_cv_c_const=yes
ac_cv_c_inline=inline
ac_cv_env_CC_set=
ac_cv_env_CC_value=
ac_cv_env_CFLAGS_set=set
ac_cv_env_CFLAGS_value='-g -O2'
ac_cv_env_CPPFLAGS_set=set
ac_cv_env_CPPFLAGS_value=
ac_cv_env_CPP_set=
ac_cv_env_CPP_value=
ac_cv_env_LDFLAGS_set=set
ac_cv_env_LDFLAGS_value=
ac_cv_env_LIBS_set=
ac_cv_env_LIBS_value=
ac_cv_env_build_alias_set=set
ac_cv_env_build_alias_value=i486-linux-gnu
ac_cv_env_host_alias_set=
ac_cv_env_host_alias_value=
ac_cv_env_target_alias_set=
ac_cv_env_target_alias_value=
ac_cv_func_floor=yes
ac_cv_func_gettimeofday=yes
ac_cv_func_lstat_dereferences_slashed_symlink=yes
ac_cv_func_memset=yes
ac_cv_func_pow=yes
ac_cv_func_sqrt=yes
ac_cv_func_stat_empty_string_bug=no
ac_cv_header_fcntl_h=yes
ac_cv_header_inttypes_h=yes
ac_cv_header_memory_h=yes
ac_cv_header_stdbool_h=yes
ac_cv_header_stdc=yes
ac_cv_header_stdint_h=yes
ac_cv_header_stdlib_h=yes
ac_cv_header_string_h=yes
ac_cv_header_strings_h=yes
ac_cv_header_sys_ioctl_h=yes
ac_cv_header_sys_param_h=yes
ac_cv_header_sys_socket_h=yes
ac_cv_header_sys_stat_h=yes
ac_cv_header_sys_time_h=yes
ac_cv_header_sys_types_h=yes
ac_cv_header_sys_wait_h=yes
ac_cv_header_time=yes
ac_cv_header_unistd_h=yes
ac_cv_host=i486-pc-linux-gnu
ac_cv_lib_fftw3f_fftwf_execute=yes
ac_cv_lib_jack_jack_connect=yes
ac_cv_lib_lo_lo_address_new=yes
ac_cv_lib_m_pow=yes
ac_cv_lib_pthread_pthread_create=yes
ac_cv_objext=o
ac_cv_path_EGREP='/bin/grep -E'
ac_cv_path_GREP=/bin/grep
ac_cv_path_install='/usr/bin/install -c'
ac_cv_path_mkdir=/bin/mkdir
ac_cv_prog_AWK=gawk
ac_cv_prog_CPP='gcc -E'
ac_cv_prog_ac_ct_CC=gcc
ac_cv_prog_ac_ct_RANLIB=ranlib
ac_cv_prog_cc_c89=
ac_cv_prog_cc_g=yes
ac_cv_prog_gcc_traditional=no
ac_cv_prog_make_make_set=yes
ac_cv_type__Bool=yes
ac_cv_type_size_t=yes
ac_cv_type_uid_t=yes
am_cv_CC_dependencies_compiler_type=none

## ----------------- ##
## Output variables. ##
## ----------------- ##

ACLOCAL='${SHELL} /root/dttsp_sdr-core/dttsp-sdr-core-0.2-0/missing --run aclocal-1.11'
AMDEPBACKSLASH=''
AMDEP_FALSE=''
AMDEP_TRUE='#'
AMTAR='${SHELL} /root/dttsp_sdr-core/dttsp-sdr-core-0.2-0/missing --run tar'
AUTOCONF='${SHELL} /root/dttsp_sdr-core/dttsp-sdr-core-0.2-0/missing --run autoconf'
AUTOHEADER='${SHELL} /root/dttsp_sdr-core/dttsp-sdr-core-0.2-0/missing --run autoheader'
AUTOMAKE='${SHELL} /root/dttsp_sdr-core/dttsp-sdr-core-0.2-0/missing --run automake-1.11'
AWK='gawk'
CC='gcc'
CCDEPMODE='depmode=none'
CFLAGS='-g -O2'
CPP='gcc -E'
CPPFLAGS=''
CYGPATH_W='echo'
DEFS='-DPACKAGE_NAME=\"dttsp\" -DPACKAGE_TARNAME=\"dttsp\" -DPACKAGE_VERSION=\"0.2\" -DPACKAGE_STRING=\"dttsp\ 0.2\" -DPACKAGE_BUGREPORT=\"g@ziegenhain.com\" -DPACKAGE_URL=\"\" -DPACKAGE=\"dttsp\" -DVERSION=\"0.2\" -DHAVE_LIBFFTW3F=1 -DHAVE_LIBJACK=1 -DHAVE_LIBM=1 -DHAVE_LIBPTHREAD=1 -DHAVE_LIBLO=1 -DSTDC_HEADERS=1 -DHAVE_SYS_WAIT_H=1 -DHAVE_SYS_TYPES_H=1 -DHAVE_SYS_STAT_H=1 -DHAVE_STDLIB_H=1 -DHAVE_STRING_H=1 -DHAVE_MEMORY_H=1 -DHAVE_STRINGS_H=1 -DHAVE_INTTYPES_H=1 -DHAVE_STDINT_H=1 -DHAVE_UNISTD_H=1 -DHAVE_FCNTL_H=1 -DHAVE_STDLIB_H=1 -DHAVE_STRING_H=1 -DHAVE_SYS_IOCTL_H=1 -DHAVE_SYS_PARAM_H=1 -DHAVE_SYS_SOCKET_H=1 -DHAVE_SYS_TIME_H=1 -DHAVE_UNISTD_H=1 -DTIME_WITH_SYS_TIME=1 -DHAVE__BOOL=1 -DHAVE_STDBOOL_H=1 -DLSTAT_FOLLOWS_SLASHED_SYMLINK=1 -DHAVE_FLOOR=1 -DHAVE_GETTIMEOFDAY=1 -DHAVE_MEMSET=1 -DHAVE_POW=1 -DHAVE_SQRT=1'
DEPDIR='.deps'
ECHO_C=''
ECHO_N='-n'
ECHO_T=''
EGREP='/bin/grep -E'
EXEEXT=''
GREP='/bin/grep'
INSTALL_DATA='${INSTALL} -m 644'
INSTALL_PROGRAM='${INSTALL}'
INSTALL_SCRIPT='${INSTALL}'
INSTALL_STRIP_PROGRAM='$(install_sh) -c -s'
LDFLAGS=''
LIBOBJS=''
LIBS='-llo -lpthread -lm -ljack -lfftw3f '
LTLIBOBJS=''
MAKEINFO='${SHELL} /root/dttsp_sdr-core/dttsp-sdr-core-0.2-0/missing --run makeinfo'
MKDIR_P='/bin/mkdir -p'
OBJEXT='o'
PACKAGE='dttsp'
PACKAGE_BUGREPORT='g@ziegenhain.com'
PACKAGE_NAME='dttsp'
PACKAGE_STRING='dttsp 0.2'
PACKAGE_TARNAME='dttsp'
PACKAGE_URL=''
PACKAGE_VERSION='0.2'
PATH_SEPARATOR=':'
RANLIB='ranlib'
SET_MAKE=''
SHELL='/bin/bash'
STRIP=''
VERSION='0.2'
ac_ct_CC='gcc'
am__EXEEXT_FALSE=''
am__EXEEXT_TRUE='#'
am__fastdepCC_FALSE=''
am__fastdepCC_TRUE='#'
am__include='include'
am__isrc=''
am__leading_dot='.'
am__quote=''
am__tar='${AMTAR} chof - "$$tardir"'
am__untar='${AMTAR} xf -'
bindir='${exec_prefix}/bin'
build='i486-pc-linux-gnu'
build_alias='i486-linux-gnu'
build_cpu='i486'
build_os='linux-gnu'
build_vendor='pc'
datadir='${datarootdir}'
datarootdir='${prefix}/share'
docdir='${datarootdir}/doc/${PACKAGE_TARNAME}'
dvidir='${docdir}'
exec_prefix='${prefix}'
host='i486-pc-linux-gnu'
host_alias=''
host_cpu='i486'
host_os='linux-gnu'
host_vendor='pc'
htmldir='${docdir}'
includedir='${prefix}/include'
infodir='${prefix}/share/info'
install_sh='${SHELL} /root/dttsp_sdr-core/dttsp-sdr-core-0.2-0/install-sh'
libdir='${exec_prefix}/lib'
libexecdir='${prefix}/lib/dttsp'
localedir='${datarootdir}/locale'
localstatedir='/var'
mandir='${prefix}/share/man'
mkdir_p='/bin/mkdir -p'
oldincludedir='/usr/include'
pdfdir='${docdir}'
prefix='/usr'
program_transform_name='s,x,x,'
psdir='${docdir}'
sbindir='${exec_prefix}/sbin'
sharedstatedir='${prefix}/com'
sysconfdir='/etc'
target_alias=''

## ----------- ##
## confdefs.h. ##
## ----------- ##

/* confdefs.h */
#define PACKAGE_NAME "dttsp"
#define PACKAGE_TARNAME "dttsp"
#define PACKAGE_VERSION "0.2"
#define PACKAGE_STRING "dttsp 0.2"
#define PACKAGE_BUGREPORT "g@ziegenhain.com"
#define PACKAGE_URL ""
#define PACKAGE "dttsp"
#define VERSION "0.2"
#define HAVE_LIBFFTW3F 1
#define HAVE_LIBJACK 1
#define HAVE_LIBM 1
#define HAVE_LIBPTHREAD 1
#define HAVE_LIBLO 1
#define STDC_HEADERS 1
#define HAVE_SYS_WAIT_H 1
#define HAVE_SYS_TYPES_H 1
#define HAVE_SYS_STAT_H 1
#define HAVE_STDLIB_H 1
#define HAVE_STRING_H 1
#define HAVE_MEMORY_H 1
#define HAVE_STRINGS_H 1
#define HAVE_INTTYPES_H 1
#define HAVE_STDINT_H 1
#define HAVE_UNISTD_H 1
#define HAVE_FCNTL_H 1
#define HAVE_STDLIB_H 1
#define HAVE_STRING_H 1
#define HAVE_SYS_IOCTL_H 1
#define HAVE_SYS_PARAM_H 1
#define HAVE_SYS_SOCKET_H 1
#define HAVE_SYS_TIME_H 1
#define HAVE_UNISTD_H 1
#define TIME_WITH_SYS_TIME 1
#define HAVE__BOOL 1
#define HAVE_STDBOOL_H 1
#define LSTAT_FOLLOWS_SLASHED_SYMLINK 1
#define HAVE_FLOOR 1
#define HAVE_GETTIMEOFDAY 1
#define HAVE_MEMSET 1
#define HAVE_POW 1
#define HAVE_SQRT 1

configure: exit 0
