This file contains any messages produced by compilers while
running configure, to aid debugging if configure makes a mistake.

It was created by dttsp configure 0.2, which was
generated by GNU Autoconf 2.68.  Invocation command line was

  $ ./configure 

## --------- ##
## Platform. ##
## --------- ##

hostname = Dr-Gerolf-Ziegenhains-MacBook-Pro.local
uname -m = x86_64
uname -r = 10.8.0
uname -s = Darwin
uname -v = Darwin Kernel Version 10.8.0: Tue Jun  7 16:32:41 PDT 2011; root:xnu-1504.15.3~1/RELEASE_X86_64

/usr/bin/uname -p = i386
/bin/uname -X     = unknown

/bin/arch              = unknown
/usr/bin/arch -k       = unknown
/usr/convex/getsysinfo = unknown
/usr/bin/hostinfo      = Mach kernel version:
	 Darwin Kernel Version 10.8.0: Tue Jun  7 16:32:41 PDT 2011; root:xnu-1504.15.3~1/RELEASE_X86_64
Kernel configured for up to 4 processors.
2 processors are physically available.
4 processors are logically available.
Processor type: i486 (Intel 80486)
Processors active: 0 1 2 3
Primary memory available: 4.00 gigabytes
Default processor set: 95 tasks, 467 threads, 4 processors
Load average: 0.09, Mach factor: 3.90
/bin/machine           = unknown
/usr/bin/oslevel       = unknown
/bin/universe          = unknown

PATH: /opt/local/bin
PATH: /opt/local/sbin
PATH: /usr/bin
PATH: /bin
PATH: /usr/sbin
PATH: /sbin
PATH: /usr/local/bin
PATH: /usr/X11/bin
PATH: /Users/g/bin
PATH: /Users/g/linux/bin/scripts
PATH: /Users/g/bin/mac
PATH: /Users/g/src/android/tools
PATH: /Users/g/src/android/platform-tools/


## ----------- ##
## Core tests. ##
## ----------- ##

configure:2229: checking for a BSD-compatible install
configure:2297: result: /opt/local/bin/ginstall -c
configure:2308: checking whether build environment is sane
configure:2358: result: yes
configure:2499: checking for a thread-safe mkdir -p
configure:2538: result: /opt/local/bin/gmkdir -p
configure:2551: checking for gawk
configure:2581: result: no
configure:2551: checking for mawk
configure:2581: result: no
configure:2551: checking for nawk
configure:2581: result: no
configure:2551: checking for awk
configure:2567: found /usr/bin/awk
configure:2578: result: awk
configure:2589: checking whether make sets $(MAKE)
configure:2611: result: yes
configure:2698: checking build system type
configure:2712: result: x86_64-apple-darwin10.8.0
configure:2732: checking host system type
configure:2745: result: x86_64-apple-darwin10.8.0
configure:2815: checking for gcc
configure:2831: found /usr/bin/gcc
configure:2842: result: gcc
configure:3071: checking for C compiler version
configure:3080: gcc --version >&5
i686-apple-darwin10-gcc-4.2.1 (GCC) 4.2.1 (Apple Inc. build 5666) (dot 3)
Copyright (C) 2007 Free Software Foundation, Inc.
This is free software; see the source for copying conditions.  There is NO
warranty; not even for MERCHANTABILITY or FITNESS FOR A PARTICULAR PURPOSE.

configure:3091: $? = 0
configure:3080: gcc -v >&5
Using built-in specs.
Target: i686-apple-darwin10
Configured with: /var/tmp/gcc/gcc-5666.3~6/src/configure --disable-checking --enable-werror --prefix=/usr --mandir=/share/man --enable-languages=c,objc,c++,obj-c++ --program-transform-name=/^[cg][^.-]*$/s/$/-4.2/ --with-slibdir=/usr/lib --build=i686-apple-darwin10 --program-prefix=i686-apple-darwin10- --host=x86_64-apple-darwin10 --target=i686-apple-darwin10 --with-gxx-include-dir=/include/c++/4.2.1
Thread model: posix
gcc version 4.2.1 (Apple Inc. build 5666) (dot 3)
configure:3091: $? = 0
configure:3080: gcc -V >&5
gcc-4.2: argument to `-V' is missing
configure:3091: $? = 1
configure:3080: gcc -qversion >&5
i686-apple-darwin10-gcc-4.2.1: no input files
configure:3091: $? = 1
configure:3111: checking whether the C compiler works
configure:3133: gcc    conftest.c  >&5
configure:3137: $? = 0
configure:3185: result: yes
configure:3188: checking for C compiler default output file name
configure:3190: result: a.out
configure:3196: checking for suffix of executables
configure:3203: gcc -o conftest    conftest.c  >&5
configure:3207: $? = 0
configure:3229: result: 
configure:3251: checking whether we are cross compiling
configure:3259: gcc -o conftest    conftest.c  >&5
configure:3263: $? = 0
configure:3270: ./conftest
configure:3274: $? = 0
configure:3289: result: no
configure:3294: checking for suffix of object files
configure:3316: gcc -c   conftest.c >&5
configure:3320: $? = 0
configure:3341: result: o
configure:3345: checking whether we are using the GNU C compiler
configure:3364: gcc -c   conftest.c >&5
configure:3364: $? = 0
configure:3373: result: yes
configure:3382: checking whether gcc accepts -g
configure:3402: gcc -c -g  conftest.c >&5
configure:3402: $? = 0
configure:3443: result: yes
configure:3460: checking for gcc option to accept ISO C89
configure:3524: gcc  -c -g -O2  conftest.c >&5
configure:3524: $? = 0
configure:3537: result: none needed
configure:3568: checking for style of include used by make
configure:3596: result: GNU
configure:3621: checking dependency style of gcc
configure:3731: result: gcc3
configure:3789: checking for ranlib
configure:3805: found /usr/bin/ranlib
configure:3816: result: ranlib
configure:3848: checking for fftwf_execute in -lfftw3f
configure:3873: gcc -o conftest -g -O2   conftest.c -lfftw3f   >&5
configure:3873: $? = 0
configure:3882: result: yes
configure:3895: checking for jack_connect in -ljack
configure:3920: gcc -o conftest -g -O2   conftest.c -ljack  -lfftw3f  >&5
configure:3920: $? = 0
configure:3929: result: yes
configure:3942: checking for pow in -lm
configure:3967: gcc -o conftest -g -O2   conftest.c -lm  -ljack -lfftw3f  >&5
conftest.c:20: warning: conflicting types for built-in function 'pow'
configure:3967: $? = 0
configure:3976: result: yes
configure:3987: checking for pthread_create in -lpthread
configure:4012: gcc -o conftest -g -O2   conftest.c -lpthread  -lm -ljack -lfftw3f  >&5
configure:4012: $? = 0
configure:4021: result: yes
configure:4032: checking for lo_address_new in -llo
configure:4057: gcc -o conftest -g -O2   conftest.c -llo  -lpthread -lm -ljack -lfftw3f  >&5
ld: library not found for -llo
collect2: ld returned 1 exit status
configure:4057: $? = 1
configure: failed program was:
| /* confdefs.h */
| #define PACKAGE_NAME "dttsp"
| #define PACKAGE_TARNAME "dttsp"
| #define PACKAGE_VERSION "0.2"
| #define PACKAGE_STRING "dttsp 0.2"
| #define PACKAGE_BUGREPORT "g@ziegenhain.com"
| #define PACKAGE_URL ""
| #define PACKAGE "dttsp"
| #define VERSION "0.2"
| #define HAVE_LIBFFTW3F 1
| #define HAVE_LIBJACK 1
| #define HAVE_LIBM 1
| #define HAVE_LIBPTHREAD 1
| /* end confdefs.h.  */
| 
| /* Override any GCC internal prototype to avoid an error.
|    Use char because int might match the return type of a GCC
|    builtin and then its argument prototype would still apply.  */
| #ifdef __cplusplus
| extern "C"
| #endif
| char lo_address_new ();
| int
| main ()
| {
| return lo_address_new ();
|   ;
|   return 0;
| }
configure:4066: result: no
configure:4076: error: "Could not find library liblo."

## ---------------- ##
## Cache variables. ##
## ---------------- ##

ac_cv_build=x86_64-apple-darwin10.8.0
ac_cv_c_compiler_gnu=yes
ac_cv_env_CC_set=
ac_cv_env_CC_value=
ac_cv_env_CFLAGS_set=
ac_cv_env_CFLAGS_value=
ac_cv_env_CPPFLAGS_set=
ac_cv_env_CPPFLAGS_value=
ac_cv_env_CPP_set=
ac_cv_env_CPP_value=
ac_cv_env_LDFLAGS_set=
ac_cv_env_LDFLAGS_value=
ac_cv_env_LIBS_set=
ac_cv_env_LIBS_value=
ac_cv_env_build_alias_set=
ac_cv_env_build_alias_value=
ac_cv_env_host_alias_set=
ac_cv_env_host_alias_value=
ac_cv_env_target_alias_set=
ac_cv_env_target_alias_value=
ac_cv_host=x86_64-apple-darwin10.8.0
ac_cv_lib_fftw3f_fftwf_execute=yes
ac_cv_lib_jack_jack_connect=yes
ac_cv_lib_lo_lo_address_new=no
ac_cv_lib_m_pow=yes
ac_cv_lib_pthread_pthread_create=yes
ac_cv_objext=o
ac_cv_path_install='/opt/local/bin/ginstall -c'
ac_cv_path_mkdir=/opt/local/bin/gmkdir
ac_cv_prog_AWK=awk
ac_cv_prog_ac_ct_CC=gcc
ac_cv_prog_ac_ct_RANLIB=ranlib
ac_cv_prog_cc_c89=
ac_cv_prog_cc_g=yes
ac_cv_prog_make_make_set=yes
am_cv_CC_dependencies_compiler_type=gcc3

## ----------------- ##
## Output variables. ##
## ----------------- ##

ACLOCAL='${SHELL} /Users/g/src/dttsp/dttsp_sdr-core/dttsp-sdr-core-0.2-1/missing --run aclocal-1.11'
AMDEPBACKSLASH='\'
AMDEP_FALSE='#'
AMDEP_TRUE=''
AMTAR='${SHELL} /Users/g/src/dttsp/dttsp_sdr-core/dttsp-sdr-core-0.2-1/missing --run tar'
AUTOCONF='${SHELL} /Users/g/src/dttsp/dttsp_sdr-core/dttsp-sdr-core-0.2-1/missing --run autoconf'
AUTOHEADER='${SHELL} /Users/g/src/dttsp/dttsp_sdr-core/dttsp-sdr-core-0.2-1/missing --run autoheader'
AUTOMAKE='${SHELL} /Users/g/src/dttsp/dttsp_sdr-core/dttsp-sdr-core-0.2-1/missing --run automake-1.11'
AWK='awk'
CC='gcc'
CCDEPMODE='depmode=gcc3'
CFLAGS='-g -O2'
CPP=''
CPPFLAGS=''
CYGPATH_W='echo'
DEFS=''
DEPDIR='.deps'
ECHO_C='\c'
ECHO_N=''
ECHO_T=''
EGREP=''
EXEEXT=''
GREP=''
INSTALL_DATA='${INSTALL} -m 644'
INSTALL_PROGRAM='${INSTALL}'
INSTALL_SCRIPT='${INSTALL}'
INSTALL_STRIP_PROGRAM='$(install_sh) -c -s'
LDFLAGS=''
LIBOBJS=''
LIBS='-lpthread -lm -ljack -lfftw3f '
LTLIBOBJS=''
MAKEINFO='${SHELL} /Users/g/src/dttsp/dttsp_sdr-core/dttsp-sdr-core-0.2-1/missing --run makeinfo'
MKDIR_P='/opt/local/bin/gmkdir -p'
OBJEXT='o'
PACKAGE='dttsp'
PACKAGE_BUGREPORT='g@ziegenhain.com'
PACKAGE_NAME='dttsp'
PACKAGE_STRING='dttsp 0.2'
PACKAGE_TARNAME='dttsp'
PACKAGE_URL=''
PACKAGE_VERSION='0.2'
PATH_SEPARATOR=':'
RANLIB='ranlib'
SET_MAKE=''
SHELL='/bin/sh'
STRIP=''
VERSION='0.2'
ac_ct_CC='gcc'
am__EXEEXT_FALSE=''
am__EXEEXT_TRUE=''
am__fastdepCC_FALSE='#'
am__fastdepCC_TRUE=''
am__include='include'
am__isrc=''
am__leading_dot='.'
am__quote=''
am__tar='${AMTAR} chof - "$$tardir"'
am__untar='${AMTAR} xf -'
bindir='${exec_prefix}/bin'
build='x86_64-apple-darwin10.8.0'
build_alias=''
build_cpu='x86_64'
build_os='darwin10.8.0'
build_vendor='apple'
datadir='${datarootdir}'
datarootdir='${prefix}/share'
docdir='${datarootdir}/doc/${PACKAGE_TARNAME}'
dvidir='${docdir}'
exec_prefix='NONE'
host='x86_64-apple-darwin10.8.0'
host_alias=''
host_cpu='x86_64'
host_os='darwin10.8.0'
host_vendor='apple'
htmldir='${docdir}'
includedir='${prefix}/include'
infodir='${datarootdir}/info'
install_sh='${SHELL} /Users/g/src/dttsp/dttsp_sdr-core/dttsp-sdr-core-0.2-1/install-sh'
libdir='${exec_prefix}/lib'
libexecdir='${exec_prefix}/libexec'
localedir='${datarootdir}/locale'
localstatedir='${prefix}/var'
mandir='${datarootdir}/man'
mkdir_p='/opt/local/bin/gmkdir -p'
oldincludedir='/usr/include'
pdfdir='${docdir}'
prefix='NONE'
program_transform_name='s,x,x,'
psdir='${docdir}'
sbindir='${exec_prefix}/sbin'
sharedstatedir='${prefix}/com'
sysconfdir='${prefix}/etc'
target_alias=''

## ----------- ##
## confdefs.h. ##
## ----------- ##

/* confdefs.h */
#define PACKAGE_NAME "dttsp"
#define PACKAGE_TARNAME "dttsp"
#define PACKAGE_VERSION "0.2"
#define PACKAGE_STRING "dttsp 0.2"
#define PACKAGE_BUGREPORT "g@ziegenhain.com"
#define PACKAGE_URL ""
#define PACKAGE "dttsp"
#define VERSION "0.2"
#define HAVE_LIBFFTW3F 1
#define HAVE_LIBJACK 1
#define HAVE_LIBM 1
#define HAVE_LIBPTHREAD 1

configure: exit 1
